<?xml version="1.0" encoding="UTF-8" ?>
<testsuites>
<testsuite name="A decision tables test suite" errors="0" tests="0" failures="0" time="0" timestamp="2021-01-15T09:53:26">
</testsuite>
<testsuite name="A decision tables test suite.should test the account module" errors="0" tests="0" failures="0" time="0" timestamp="2021-01-15T09:53:26">
</testsuite>
<testsuite name="A decision tables test suite.should test the account module.#getAgeFactor() and #getBalanceFactor()" errors="0" tests="2" failures="0" time="0" timestamp="2021-01-15T09:53:26">
  <testcase classname="A decision tables test suite.should test the account module.#getAgeFactor() and #getBalanceFactor()" name="gets the age factor" time="0"></testcase>
  <testcase classname="A decision tables test suite.should test the account module.#getAgeFactor() and #getBalanceFactor()" name="gets the balance factor" time="0"></testcase>
</testsuite>
<testsuite name="A decision tables test suite.should test the account module.#accountStatus()" errors="0" tests="3" failures="0" time="0.001" timestamp="2021-01-15T09:53:26">
  <testcase classname="A decision tables test suite.should test the account module.#accountStatus()" name="gives all accounts invalid status out of age range" time="0.001"></testcase>
  <testcase classname="A decision tables test suite.should test the account module.#accountStatus()" name="gives all accounts invalid status with zero balance" time="0"></testcase>
  <testcase classname="A decision tables test suite.should test the account module.#accountStatus()" name="gives all accounts excellent status within age range with &amp;gt;= 3000 balance" time="0"></testcase>
</testsuite>
<testsuite name="A decision tables test suite.#creditStatus()" errors="0" tests="3" failures="0" time="0" timestamp="2021-01-15T09:53:26">
  <testcase classname="A decision tables test suite.#creditStatus()" name="gives all accounts invalid when creditscore out of range" time="0"></testcase>
  <testcase classname="A decision tables test suite.#creditStatus()" name="gives all accounts adverse when creditscore under threshold" time="0"></testcase>
  <testcase classname="A decision tables test suite.#creditStatus()" name="gives all accounts good when creditscore over or equal to threshold" time="0"></testcase>
</testsuite>
<testsuite name="A decision tables test suite.should get the correct product status" errors="0" tests="0" failures="0" time="0" timestamp="2021-01-15T09:53:26">
</testsuite>
<testsuite name="A decision tables test suite.should get the correct product status.#productStatus()" errors="0" tests="3" failures="0" time="0" timestamp="2021-01-15T09:53:26">
  <testcase classname="A decision tables test suite.should get the correct product status.#productStatus()" name="always gives soldout status when inventory = 0" time="0"></testcase>
  <testcase classname="A decision tables test suite.should get the correct product status.#productStatus()" name="gives limited status with threshold above quantity" time="0"></testcase>
  <testcase classname="A decision tables test suite.should get the correct product status.#productStatus()" name="gives available status with threshold below or equal to quantity" time="0"></testcase>
</testsuite>
</testsuites>