<?xml version="1.0" encoding="UTF-8" ?>
<testsuites>
<testsuite name="A boundaries values test suite" errors="0" tests="0" failures="0" time="0" timestamp="2021-01-16T20:27:09">
</testsuite>
<testsuite name="A boundaries values test suite.should test the account module" errors="0" tests="0" failures="0" time="0" timestamp="2021-01-16T20:27:09">
</testsuite>
<testsuite name="A boundaries values test suite.should test the account module.#getAgeFactor() and #getBalanceFactor()" errors="0" tests="2" failures="0" time="0.002" timestamp="2021-01-16T20:27:09">
  <testcase classname="A boundaries values test suite.should test the account module.#getAgeFactor() and #getBalanceFactor()" name="gets the age factor" time="0.002"></testcase>
  <testcase classname="A boundaries values test suite.should test the account module.#getAgeFactor() and #getBalanceFactor()" name="gets the balance factor" time="0"></testcase>
</testsuite>
<testsuite name="A boundaries values test suite.should test the credit status" errors="0" tests="0" failures="0" time="0" timestamp="2021-01-16T20:27:09">
</testsuite>
<testsuite name="A boundaries values test suite.should test the credit status.#creditStatus()" errors="0" tests="0" failures="0" time="0" timestamp="2021-01-16T20:27:09">
</testsuite>
<testsuite name="A boundaries values test suite.should test the credit status.#creditStatus().in default mode" errors="0" tests="1" failures="0" time="0.001" timestamp="2021-01-16T20:27:09">
  <testcase classname="A boundaries values test suite.should test the credit status.#creditStatus().in default mode" name="gets the credit status" time="0.001"></testcase>
</testsuite>
<testsuite name="A boundaries values test suite.should test the credit status.#creditStatus().in restricted mode" errors="0" tests="1" failures="0" time="0" timestamp="2021-01-16T20:27:09">
  <testcase classname="A boundaries values test suite.should test the credit status.#creditStatus().in restricted mode" name="gets the credit status" time="0"></testcase>
</testsuite>
<testsuite name="A boundaries values test suite.should determine the product availability" errors="0" tests="0" failures="0" time="0" timestamp="2021-01-16T20:27:09">
</testsuite>
<testsuite name="A boundaries values test suite.should determine the product availability.#productStatus()" errors="0" tests="2" failures="0" time="0" timestamp="2021-01-16T20:27:09">
  <testcase classname="A boundaries values test suite.should determine the product availability.#productStatus()" name="returns invalid if product not found" time="0"></testcase>
  <testcase classname="A boundaries values test suite.should determine the product availability.#productStatus()" name="gets the product status" time="0"></testcase>
</testsuite>
</testsuites>